C51 COMPILER V9.60.0.0   MAIN                                                              05/22/2023 13:37:16 PAGE 1   


C51 COMPILER V9.60.0.0, COMPILATION OF MODULE MAIN
OBJECT MODULE PLACED IN .\Objects\main.obj
COMPILER INVOKED BY: D:\KEIL5\C51\BIN\C51.EXE main.c LARGE OPTIMIZE(8,SPEED) BROWSE INCDIR(..\Lib;..\Lib\STC_GPIO;..\Har
                    -dware\GPIO) DEBUG OBJECTEXTEND PRINT(.\Listings\main.lst) OBJECT(.\Objects\main.obj)

line level    source

   1          #include "main.h"
   2          #include "gpio.h"
   3          
   4          
   5          
   6          
   7          void main (void){
   8   1      
   9   1              PowerHLD_GPIO_Init();
  10   1              PowerKey_GPIO_Init();
  11   1              SetPowerHld(1);
  12   1              while(1){
  13   2              
  14   2              
  15   2              }
  16   1      }


MODULE INFORMATION:   STATIC OVERLAYABLE
   CODE SIZE        =     13    ----
   CONSTANT SIZE    =   ----    ----
   XDATA SIZE       =   ----    ----
   PDATA SIZE       =   ----    ----
   DATA SIZE        =   ----    ----
   IDATA SIZE       =   ----    ----
   BIT SIZE         =   ----    ----
END OF MODULE INFORMATION.


C51 COMPILATION COMPLETE.  0 WARNING(S),  0 ERROR(S)
